\BOOKMARK [0][-]{chapter.1}{\376\377\230\171\166\356\116\313\176\315}{}% 1
\BOOKMARK [1][-]{section.1.1}{\376\377\166\356\137\125\176\323\147\204}{chapter.1}% 2
\BOOKMARK [1][-]{section.1.2}{\376\377\226\005\213\373\230\172\136\217\136\372\213\256}{chapter.1}% 3
\BOOKMARK [0][-]{chapter.2}{\376\377\165\050\142\067\140\001\000\040\000A\000A\000r\000c\000h\0006\0004\000\040\154\107\177\026}{}% 4
\BOOKMARK [1][-]{section.2.1}{\376\377\174\373\176\337\214\003\165\050\377\032\147\000\136\225\134\102\166\204\000\040\000I\000/\000O}{chapter.2}% 5
\BOOKMARK [2][-]{subsection.2.1.1}{\376\377\116\072\116\300\116\110\227\000\211\201\174\373\176\337\214\003\165\050}{section.2.1}% 6
\BOOKMARK [2][-]{subsection.2.1.2}{\376\377\000e\000x\000i\000t\000.\000s\377\032\116\011\116\052\174\373\176\337\214\003\165\050\166\204\134\001\210\305}{section.2.1}% 7
\BOOKMARK [2][-]{subsection.2.1.3}{\376\377\116\343\170\001\211\343\213\373}{section.2.1}% 8
\BOOKMARK [1][-]{section.2.2}{\376\377\130\006\121\205\133\130\122\006\221\115\126\150}{chapter.2}% 9
\BOOKMARK [2][-]{subsection.2.2.1}{\376\377\213\276\213\241\140\035\215\357}{section.2.2}% 10
\BOOKMARK [2][-]{subsection.2.2.2}{\376\377\000h\000e\000a\000p\000\040\123\072\166\204\133\232\116\111\116\016\122\035\131\313\123\026}{section.2.2}% 11
\BOOKMARK [2][-]{subsection.2.2.3}{\376\377\000m\000e\000m\000o\000r\000y\000\137\000i\000n\000i\000t\377\032\122\035\131\313\123\026\130\006}{section.2.2}% 12
\BOOKMARK [2][-]{subsection.2.2.4}{\376\377\000m\000e\000m\000o\000r\000y\000\137\000a\000l\000l\000o\000c\377\032\122\006\221\115\116\000\127\127\121\205\133\130}{section.2.2}% 13
\BOOKMARK [2][-]{subsection.2.2.5}{\376\377\000m\000e\000m\000o\000r\000y\000\137\000f\000r\000e\000e\377\032\221\312\145\076\121\205\133\130\136\166\124\010\136\166\166\370\220\273\172\172\225\362\127\127}{section.2.2}% 14
\BOOKMARK [2][-]{subsection.2.2.6}{\376\377\155\113\213\325\121\205\133\130\122\006\221\115\126\150}{section.2.2}% 15
\BOOKMARK [1][-]{section.2.3}{\376\377\133\127\173\046\116\062\131\015\122\066\377\032\165\050\142\067\140\001\166\204\000\040\000s\000t\000r\000c\000p\000y}{chapter.2}% 16
\BOOKMARK [2][-]{subsection.2.3.1}{\376\377\000c\000o\000p\000y\000\137\000s\000t\000r\000i\000n\000g\377\032\116\316\000\040\000i\000n\000p\000u\000t\000\137\000b\000u\000f\000\040\131\015\122\066\122\060\145\260\122\006\221\115\166\204\130\006\121\205\133\130}{section.2.3}% 17
\BOOKMARK [1][-]{section.2.4}{\376\377\136\163\210\114\145\160\176\304\377\032\133\127\173\046\116\062\166\204\175\042\137\025\133\130\120\250}{chapter.2}% 18
\BOOKMARK [2][-]{subsection.2.4.1}{\376\377\116\072\116\300\116\110\227\000\211\201\175\042\137\025\133\130\120\250}{section.2.4}% 19
\BOOKMARK [2][-]{subsection.2.4.2}{\376\377\000s\000t\000r\000i\000n\000g\000\137\000a\000r\000r\000a\000y\000.\000s\377\032\145\160\143\156\123\072\133\232\116\111}{section.2.4}% 20
\BOOKMARK [2][-]{subsection.2.4.3}{\376\377\000s\000t\000o\000r\000e\000\137\000s\000t\000r\000i\000n\000g\000\137\000p\000t\000r\000\137\000l\000e\000n\377\032\121\231\121\145\116\000\133\371\143\007\224\210\124\214\225\177\136\246}{section.2.4}% 21
\BOOKMARK [2][-]{subsection.2.4.4}{\376\377\000p\000r\000i\000n\000t\000\137\000i\000n\000d\000e\000x\000\137\000s\000t\000r\000i\000n\000g\000s\377\032\143\011\136\217\123\367\142\212\133\127\173\046\116\062\142\123\123\160\121\372\147\145}{section.2.4}% 22
\BOOKMARK [1][-]{section.2.5}{\376\377\124\175\116\344\211\343\147\220\377\032\000f\000i\000n\000d\000\137\000t\000w\000o\000\137\000s\000p\000a\000c\000e\000s}{chapter.2}% 23
\BOOKMARK [2][-]{subsection.2.5.1}{\376\377\142\212\124\175\116\344\122\007\142\020\000\040\000t\000o\000k\000e\000n\000\040\166\204\173\054\116\000\153\145}{section.2.5}% 24
\BOOKMARK [2][-]{subsection.2.5.2}{\376\377\000f\000i\000n\000d\000\137\000t\000w\000o\000\137\000s\000p\000a\000c\000e\000s\377\032\123\125\220\115\142\153\143\317\142\176\116\044\116\052\172\172\150\074}{section.2.5}% 25
\BOOKMARK [1][-]{section.2.6}{\376\377\116\073\172\013\136\217\377\032\142\212\116\000\122\007\116\062\215\167\147\145}{chapter.2}% 26
\BOOKMARK [2][-]{subsection.2.6.1}{\376\377\000h\000e\000l\000l\000o\000.\000s\377\032\116\073\172\013\136\217\121\145\123\343}{section.2.6}% 27
\BOOKMARK [2][-]{subsection.2.6.2}{\376\377\000s\000t\000o\000r\000e\000\137\000s\000t\000r\000i\000n\000g\377\032\213\373\121\145\136\166\117\335\133\130\116\000\210\114}{section.2.6}% 28
\BOOKMARK [2][-]{subsection.2.6.3}{\376\377\000g\000e\000t\000\137\000s\000t\000r\000i\000n\000g\000\137\000p\000t\000r\000\137\000l\000e\000n\000\137\000s\000p\000a\000c\000e\000s\377\032\142\123\123\160\136\166\211\343\147\220\172\172\150\074}{section.2.6}% 29
\BOOKMARK [2][-]{subsection.2.6.4}{\376\377\164\006\211\343\145\164\117\123\145\160\143\156\155\101}{section.2.6}% 30
\BOOKMARK [2][-]{subsection.2.6.5}{\376\377\116\073\137\252\163\257\226\120\122\066}{section.2.6}% 31
\BOOKMARK [2][-]{subsection.2.6.6}{\376\377\145\260\162\110\116\073\172\013\136\217\377\032\142\212\211\343\147\220\124\016\166\204\000\040\000t\000o\000k\000e\000n\000\040\220\020\147\141\142\123\123\160}{section.2.6}% 32
\BOOKMARK [2][-]{subsection.2.6.7}{\376\377\000g\000e\000t\000\137\000i\000n\000s\000t\000r\000\137\0000\000/\0001\000/\0002\000/\0003\377\032\116\316\143\007\224\210\145\160\176\304\221\314\142\377\116\000\116\052\000\040\000t\000o\000k\000e\000n\000\040\142\123\123\160}{section.2.6}% 33
\BOOKMARK [2][-]{subsection.2.6.8}{\376\377\000p\000r\000i\000n\000t\000\137\000n\000e\000w\000l\000i\000n\000e\377\032\217\223\121\372\116\000\116\052\143\142\210\114\173\046}{section.2.6}% 34
\BOOKMARK [2][-]{subsection.2.6.9}{\376\377\163\260\127\050\145\164\116\052\172\013\136\217\166\204\135\345\117\134\155\101}{section.2.6}% 35
\BOOKMARK [1][-]{section.2.7}{\376\377\177\026\213\321\116\016\214\003\213\325\201\032\147\054}{chapter.2}% 36
\BOOKMARK [2][-]{subsection.2.7.1}{\376\377\000c\000l\000a\000n\000g\377\032\154\107\177\026\142\020\123\357\142\147\210\114\145\207\116\366}{section.2.7}% 37
\BOOKMARK [2][-]{subsection.2.7.2}{\376\377\116\072\116\300\116\110\116\015\165\050\000\040\000l\000d\000\040\116\015\165\050\201\352\135\361\224\376\143\245}{section.2.7}% 38
\BOOKMARK [2][-]{subsection.2.7.3}{\376\377\214\003\213\325\155\101\172\013}{section.2.7}% 39
\BOOKMARK [2][-]{subsection.2.7.4}{\376\377\217\320\210\114\155\101\172\013}{section.2.7}% 40
\BOOKMARK [1][-]{section.2.8}{\376\377\143\007\116\344\211\343\147\220\377\032\142\212\124\175\116\344\122\007\142\020\000\040\000t\000o\000k\000e\000n\000\040\143\007\224\210\145\160\176\304}{chapter.2}% 41
\BOOKMARK [2][-]{subsection.2.8.1}{\376\377\145\160\143\156\123\072\377\032\000i\000n\000s\000t\000r\000\137\000a\000d\000d\000r\000s\000\040\121\150\134\100\143\007\224\210\145\160\176\304}{section.2.8}% 42
\BOOKMARK [2][-]{subsection.2.8.2}{\376\377\000s\000t\000o\000r\000e\000\137\000i\000n\000s\000t\000r\000\137\000a\000d\000d\000r\000s\377\032\142\212\116\000\147\141\124\175\116\344\122\007\142\020\000\040\000t\000o\000k\000e\000n\000\040\136\166\133\130\116\013}{section.2.8}% 43
\BOOKMARK [2][-]{subsection.2.8.3}{\376\377\000g\000e\000t\000\137\000i\000n\000s\000t\000r\000\137\000a\000d\000d\000r\000s\377\032\143\011\136\217\123\367\123\326\126\336\000\040\000t\000o\000k\000e\000n\000\040\143\007\224\210\145\160\176\304}{section.2.8}% 44
\BOOKMARK [2][-]{subsection.2.8.4}{\376\377\116\072\116\300\116\110\211\201\123\125\162\354\131\015\122\066\000\040\000t\000o\000k\000e\000n\377\037}{section.2.8}% 45
\BOOKMARK [0][-]{chapter.3}{\376\377\000Q\000E\000M\000U\000\040\210\370\147\072\000\040\000A\000A\000r\000c\000h\0006\0004}{}% 46
\BOOKMARK [1][-]{section.3.1}{\376\377\000s\000t\000a\000r\000t\000.\000s\377\032\147\000\173\200\210\370\147\072\172\013\136\217}{chapter.3}% 47
\BOOKMARK [2][-]{subsection.3.1.1}{\376\377\147\201\173\200\166\204\210\370\147\072\172\013\136\217}{section.3.1}% 48
\BOOKMARK [2][-]{subsection.3.1.2}{\376\377\124\214\000\040\000I\000S\000A\000\040\172\340\202\202\166\204\135\356\137\002}{section.3.1}% 49
\BOOKMARK [1][-]{section.3.2}{\376\377\000r\000u\000n\000.\000s\000h\377\032\116\244\123\311\177\026\213\321\116\016\124\057\122\250\201\032\147\054}{chapter.3}% 50
\BOOKMARK [2][-]{subsection.3.2.1}{\376\377\116\072\116\300\116\110\227\000\211\201\116\011\153\145\137\017\147\204\136\372}{section.3.2}% 51
\BOOKMARK [2][-]{subsection.3.2.2}{\376\377\136\070\211\301\225\031\213\357}{section.3.2}% 52
\BOOKMARK [1][-]{section.3.3}{\376\377\164\006\211\343\127\060\127\100\172\172\225\364\116\016\000\040\000U\000A\000R\000T}{chapter.3}% 53
\BOOKMARK [2][-]{subsection.3.3.1}{\376\377\210\370\147\072\127\060\127\100\172\172\225\364\166\204\150\067\133\120}{section.3.3}% 54
\BOOKMARK [2][-]{subsection.3.3.2}{\376\377\000P\000L\0000\0001\0001\000\040\000U\000A\000R\000T\000\040\166\204\133\304\133\130\126\150\210\150\377\010\121\163\225\056\220\350\122\006\377\011}{section.3.3}% 55
\BOOKMARK [2][-]{subsection.3.3.3}{\376\377\131\202\147\234\211\201\116\316\165\050\142\067\225\056\166\330\143\245\145\066\145\160\143\156}{section.3.3}% 56
\BOOKMARK [2][-]{subsection.3.3.4}{\376\377\121\205\133\130\116\016\170\154\116\366\213\276\131\007\166\204\123\072\122\053}{section.3.3}% 57
\BOOKMARK [0][-]{chapter.4}{\376\377\000V\000e\000r\000i\000l\000o\000g\000\040\202\257\162\107\213\276\213\241}{}% 58
\BOOKMARK [1][-]{section.4.1}{\376\377\000V\000e\000r\000i\000l\000o\000g\000\040\127\372\147\054\151\202\137\365}{chapter.4}% 59
\BOOKMARK [2][-]{subsection.4.1.1}{\376\377\217\157\116\366\124\214\170\154\116\366\166\204\150\071\147\054\123\072\122\053}{section.4.1}% 60
\BOOKMARK [2][-]{subsection.4.1.2}{\376\377\124\014\153\145\220\073\217\221\377\032\145\366\224\237\232\161\122\250\116\000\122\007}{section.4.1}% 61
\BOOKMARK [2][-]{subsection.4.1.3}{\376\377\000U\000A\000R\000T\000\040\220\032\117\341\166\204\127\372\147\054\176\246\133\232}{section.4.1}% 62
\BOOKMARK [1][-]{section.4.2}{\376\377\000a\000d\000d\000e\000r\000.\000v\377\032\0006\0004\000\040\117\115\133\127\202\202\122\240\154\325\126\150}{chapter.4}% 63
\BOOKMARK [2][-]{subsection.4.2.1}{\376\377\213\276\213\241\166\356\150\007}{section.4.2}% 64
\BOOKMARK [2][-]{subsection.4.2.2}{\376\377\156\220\170\001\116\016\213\262\211\343}{section.4.2}% 65
\BOOKMARK [2][-]{subsection.4.2.3}{\376\377\116\000\116\052\146\364\173\200\155\001\166\204\121\231\154\325}{section.4.2}% 66
\BOOKMARK [1][-]{section.4.3}{\376\377\000u\000a\000r\000t\000\137\000t\000x\000.\000v\377\032\000U\000A\000R\000T\000\040\123\321\220\001\126\150}{chapter.4}% 67
\BOOKMARK [2][-]{subsection.4.3.1}{\376\377\213\276\213\241\166\356\150\007}{section.4.3}% 68
\BOOKMARK [2][-]{subsection.4.3.2}{\376\377\162\266\140\001\147\072\213\276\213\241}{section.4.3}% 69
\BOOKMARK [2][-]{subsection.4.3.3}{\376\377\156\220\170\001\116\016\213\262\211\343}{section.4.3}% 70
\BOOKMARK [1][-]{section.4.4}{\376\377\000u\000a\000r\000t\000\137\000r\000x\000.\000v\377\032\000U\000A\000R\000T\000\040\143\245\145\066\126\150}{chapter.4}% 71
\BOOKMARK [2][-]{subsection.4.4.1}{\376\377\213\276\213\241\166\356\150\007}{section.4.4}% 72
\BOOKMARK [2][-]{subsection.4.4.2}{\376\377\162\266\140\001\147\072\213\276\213\241}{section.4.4}% 73
\BOOKMARK [2][-]{subsection.4.4.3}{\376\377\156\220\170\001\116\016\121\163\225\056\140\035\215\357\213\262\211\343}{section.4.4}% 74
\BOOKMARK [1][-]{section.4.5}{\376\377\176\374\124\010\122\060\000\040\000F\000P\000G\000A\377\032\116\316\116\343\170\001\122\060\170\154\116\366}{chapter.4}% 75
\BOOKMARK [2][-]{subsection.4.5.1}{\376\377\116\316\000\040\000V\000e\000r\000i\000l\000o\000g\000\040\122\060\167\037\133\236\170\154\116\366\166\204\155\101\172\013}{section.4.5}% 76
\BOOKMARK [2][-]{subsection.4.5.2}{\376\377\000u\000\137\000l\000i\000t\000e\000\040\172\013\136\217\131\202\117\125\122\240\217\175\122\060\000\040\000F\000P\000G\000A\000\040\166\204\143\007\116\344\133\130\120\250\126\150}{section.4.5}% 77
\BOOKMARK [2][-]{subsection.4.5.3}{\376\377\124\214\000\040\000Q\000E\000M\000U\000\040\152\041\142\337\166\204\133\371\136\224\121\163\174\373}{section.4.5}% 78
\BOOKMARK [2][-]{subsection.4.5.4}{\376\377\116\072\116\300\116\110\211\201\120\132\217\331\171\315\116\213}{section.4.5}% 79
\BOOKMARK [0][-]{chapter.5}{\376\377\000C\000\040\213\355\212\000\173\227\154\325\116\016\145\160\143\156\176\323\147\204}{}% 80
\BOOKMARK [1][-]{section.5.1}{\376\377\147\054\172\340\213\262\116\300\116\110}{chapter.5}% 81
\BOOKMARK [1][-]{section.5.2}{\376\377\143\322\121\145\143\222\136\217\000\040\040\024\000\040\220\020\116\052\143\322\121\145}{chapter.5}% 82
\BOOKMARK [2][-]{subsection.5.2.1}{\376\377\150\070\137\303\140\035\215\357}{section.5.2}% 83
\BOOKMARK [2][-]{subsection.5.2.2}{\376\377\145\366\225\364\131\015\147\102\136\246}{section.5.2}% 84
\BOOKMARK [2][-]{subsection.5.2.3}{\376\377\000C\000\040\116\343\170\001}{section.5.2}% 85
\BOOKMARK [2][-]{subsection.5.2.4}{\376\377\116\343\170\001\211\343\213\373}{section.5.2}% 86
\BOOKMARK [1][-]{section.5.3}{\376\377\137\122\136\166\143\222\136\217\000\040\040\024\000\040\122\006\154\273\000\040\000+\000\040\220\006\136\217\133\371}{chapter.5}% 87
\BOOKMARK [2][-]{subsection.5.3.1}{\376\377\150\070\137\303\140\035\215\357}{section.5.3}% 88
\BOOKMARK [2][-]{subsection.5.3.2}{\376\377\145\366\225\364\131\015\147\102\136\246}{section.5.3}% 89
\BOOKMARK [2][-]{subsection.5.3.3}{\376\377\000C\000\040\116\343\170\001\000\040\040\024\000\040\124\010\136\166\121\375\145\160}{section.5.3}% 90
\BOOKMARK [2][-]{subsection.5.3.4}{\376\377\000C\000\040\116\343\170\001\000\040\040\024\000\040\220\022\137\122\143\222\136\217\121\375\145\160\116\016\116\073\172\013\136\217}{section.5.3}% 91
\BOOKMARK [2][-]{subsection.5.3.5}{\376\377\177\026\213\321\116\016\217\320\210\114}{section.5.3}% 92
\BOOKMARK [1][-]{section.5.4}{\376\377\130\006\143\222\136\217\000\040\040\024\000\040\142\212\145\160\176\304\137\123\116\214\123\311\150\021}{chapter.5}% 93
\BOOKMARK [2][-]{subsection.5.4.1}{\376\377\150\070\137\303\140\035\215\357\377\032\142\212\145\160\176\304\167\013\142\020\116\000\150\365\116\214\123\311\150\021}{section.5.4}% 94
\BOOKMARK [2][-]{subsection.5.4.2}{\376\377\000C\000\040\116\343\170\001\000\040\040\024\000\040\130\006\140\047\215\050\176\364\142\244\000\040\000M\000a\000x\000h\000e\000a\000p\000i\000f\000y}{section.5.4}% 95
\BOOKMARK [2][-]{subsection.5.4.3}{\376\377\000C\000\040\116\343\170\001\000\040\040\024\000\040\136\372\130\006\000\040\000B\000u\000i\000l\000d\000m\000a\000x\000H\000e\000a\000p}{section.5.4}% 96
\BOOKMARK [2][-]{subsection.5.4.4}{\376\377\000C\000\040\116\343\170\001\000\040\040\024\000\040\000H\000e\000a\000p\000s\000o\000r\000t\000\040\116\073\121\375\145\160}{section.5.4}% 97
\BOOKMARK [2][-]{subsection.5.4.5}{\376\377\000C\000\040\116\343\170\001\000\040\040\024\000\040\217\205\122\251\121\375\145\160\116\016\155\113\213\325}{section.5.4}% 98
\BOOKMARK [2][-]{subsection.5.4.6}{\376\377\000C\000\040\116\343\170\001\000\040\040\024\000\040\000m\000a\000i\000n\000\040\155\113\213\325\172\013\136\217}{section.5.4}% 99
\BOOKMARK [2][-]{subsection.5.4.7}{\376\377\145\366\225\364\131\015\147\102\136\246}{section.5.4}% 100
\BOOKMARK [2][-]{subsection.5.4.8}{\376\377\116\016\121\166\116\326\143\222\136\217\166\204\133\371\153\324}{section.5.4}% 101
\BOOKMARK [1][-]{section.5.5}{\376\377\147\000\131\047\133\120\145\160\176\304\000\040\040\024\000\040\116\316\146\264\122\233\122\060\122\006\154\273}{chapter.5}% 102
\BOOKMARK [2][-]{subsection.5.5.1}{\376\377\211\343\154\325\116\000\377\032\146\264\122\233\147\232\116\076\142\100\147\011\123\357\200\375\166\204\133\120\145\160\176\304}{section.5.5}% 103
\BOOKMARK [2][-]{subsection.5.5.2}{\376\377\211\343\154\325\116\214\377\032\122\006\154\273\154\325}{section.5.5}% 104
\BOOKMARK [2][-]{subsection.5.5.3}{\376\377\145\366\225\364\131\015\147\102\136\246\133\371\153\324}{section.5.5}% 105
\BOOKMARK [1][-]{section.5.6}{\376\377\167\351\226\065\116\130\154\325\000\040\040\024\000\040\116\214\176\364\122\006\154\273}{chapter.5}% 106
\BOOKMARK [2][-]{subsection.5.6.1}{\376\377\145\160\143\156\176\323\147\204}{section.5.6}% 107
\BOOKMARK [2][-]{subsection.5.6.2}{\376\377\000C\000\040\116\343\170\001\000\040\040\024\000\040\122\033\136\372\060\001\221\312\145\076\060\001\142\123\123\160\167\351\226\065}{section.5.6}% 108
\BOOKMARK [2][-]{subsection.5.6.3}{\376\377\000C\000\040\116\343\170\001\000\040\040\024\000\040\210\145\226\366\122\060\000\040\0002\000\040\166\204\136\102\153\041\145\271}{section.5.6}% 109
\BOOKMARK [2][-]{subsection.5.6.4}{\376\377\000C\000\040\116\343\170\001\000\040\040\024\000\040\142\306\122\006\060\001\124\010\136\166\116\016\167\351\226\065\122\240\154\325}{section.5.6}% 110
\BOOKMARK [2][-]{subsection.5.6.5}{\376\377\000C\000\040\116\343\170\001\000\040\040\024\000\040\220\022\137\122\116\130\154\325\116\073\117\123}{section.5.6}% 111
\BOOKMARK [2][-]{subsection.5.6.6}{\376\377\000C\000\040\116\343\170\001\000\040\040\024\000\040\116\073\172\013\136\217\232\214\213\301}{section.5.6}% 112
\BOOKMARK [2][-]{subsection.5.6.7}{\376\377\116\316\136\225\134\102\211\306\211\322\167\013\167\351\226\065\116\130\154\325}{section.5.6}% 113
\BOOKMARK [1][-]{section.5.7}{\376\377\116\316\000\040\000C\000\040\116\343\170\001\122\060\154\107\177\026\000\040\040\024\000\040\136\225\134\102\211\306\211\322}{chapter.5}% 114
\BOOKMARK [2][-]{subsection.5.7.1}{\376\377\121\375\145\160\214\003\165\050\000\040\000v\000s\000\040\150\010\144\315\117\134}{section.5.7}% 115
\BOOKMARK [2][-]{subsection.5.7.2}{\376\377\145\160\176\304\116\016\143\007\224\210\000\040\000v\000s\000\040\000[\000b\000a\000s\000e\000,\000\040\000i\000n\000d\000e\000x\000,\000\040\000s\000h\000i\000f\000t\000]}{section.5.7}% 116
\BOOKMARK [2][-]{subsection.5.7.3}{\376\377\176\323\147\204\117\123\116\016\121\205\133\130\133\371\237\120}{section.5.7}% 117
\BOOKMARK [2][-]{subsection.5.7.4}{\376\377\116\316\173\227\154\325\122\060\170\154\116\366\166\204\215\357\137\204}{section.5.7}% 118
